#
# There is insufficient memory for the Java Runtime Environment to continue.
# Native memory allocation (mmap) failed to map 65536 bytes. Error detail: Failed to commit metaspace.
# Possible reasons:
#   The system is out of physical RAM or swap space
#   This process is running with CompressedOops enabled, and the Java Heap may be blocking the growth of the native heap
# Possible solutions:
#   Reduce memory load on the system
#   Increase physical memory or swap space
#   Check if swap backing store is full
#   Decrease Java heap size (-Xmx/-Xms)
#   Decrease number of Java threads
#   Decrease Java thread stack sizes (-Xss)
#   Set larger code cache with -XX:ReservedCodeCacheSize=
#   JVM is running with Unscaled Compressed Oops mode in which the Java heap is
#     placed in the first 4GB address space. The Java Heap base address is the
#     maximum limit for the native heap growth. Please use -XX:HeapBaseMinAddress
#     to set the Java Heap base and to place the Java Heap above 4GB virtual address.
# This output file may be truncated or incomplete.
#
#  Out of Memory Error (virtualSpaceNode.cpp:112), pid=5284, tid=26608
#
# JRE version: OpenJDK Runtime Environment (22.0.2+9) (build 22.0.2+9-70)
# Java VM: OpenJDK 64-Bit Server VM (22.0.2+9-70, mixed mode, emulated-client, sharing, tiered, compressed oops, compressed class ptrs, g1 gc, windows-amd64)
# No core dump will be written. Minidumps are not enabled by default on client versions of Windows
#

---------------  S U M M A R Y ------------

Command Line: -XX:TieredStopAtLevel=1 -Dspring.output.ansi.enabled=always -Dcom.sun.management.jmxremote -Dspring.jmx.enabled=true -Dspring.liveBeansView.mbeanDomain -Dspring.application.admin.enabled=true -Dmanagement.endpoints.jmx.exposure.include=* -javaagent:C:\Program Files\JetBrains\IntelliJ IDEA 2024.1.4\lib\idea_rt.jar=62558:C:\Program Files\JetBrains\IntelliJ IDEA 2024.1.4\bin -Dfile.encoding=UTF-8 -Dsun.stdout.encoding=UTF-8 -Dsun.stderr.encoding=UTF-8 com.example.lab_5_tracker.Lab5TrackerApplication

Host: Intel(R) Core(TM) i5-8265U CPU @ 1.60GHz, 8 cores, 3G,  Windows 11 , 64 bit Build 22621 (10.0.22621.3672)
Time: Mon Jul 29 13:55:02 2024 Arab Standard Time elapsed time: 0.714249 seconds (0d 0h 0m 0s)

---------------  T H R E A D  ---------------

Current thread (0x000002612c8c8350):  JavaThread "main"             [_thread_in_vm, id=26608, stack(0x0000006f53800000,0x0000006f53900000) (1024K)]

Stack: [0x0000006f53800000,0x0000006f53900000]
Native frames: (J=compiled Java code, j=interpreted, Vv=VM code, C=native code)
V  [jvm.dll+0x6e26e9]  (no source info available)
V  [jvm.dll+0x875753]  (no source info available)
V  [jvm.dll+0x877b7e]  (no source info available)
V  [jvm.dll+0x878253]  (no source info available)
V  [jvm.dll+0x27fc86]  (no source info available)
V  [jvm.dll+0x87139e]  (no source info available)
V  [jvm.dll+0x685755]  (no source info available)
V  [jvm.dll+0x6857ba]  (no source info available)
V  [jvm.dll+0x687ffa]  (no source info available)
V  [jvm.dll+0x224f6c]  (no source info available)
V  [jvm.dll+0x68616e]  (no source info available)
V  [jvm.dll+0x269dbf]  (no source info available)
V  [jvm.dll+0x6903c4]  (no source info available)
V  [jvm.dll+0x2151c1]  (no source info available)
V  [jvm.dll+0x21564a]  (no source info available)
V  [jvm.dll+0x216071]  (no source info available)
V  [jvm.dll+0x20b3ae]  (no source info available)
V  [jvm.dll+0x5c4a8f]  (no source info available)
V  [jvm.dll+0x21cb2a]  (no source info available)
V  [jvm.dll+0x7ebe8c]  (no source info available)
V  [jvm.dll+0x7ecf26]  (no source info available)
V  [jvm.dll+0x7ed534]  (no source info available)
V  [jvm.dll+0x7ed1b8]  (no source info available)
V  [jvm.dll+0x26d6ab]  (no source info available)
V  [jvm.dll+0x3d9eae]  (no source info available)
C  0x0000026136e48ed4  (no source info available)

The last pc belongs to new (printed below).
Java frames: (J=compiled Java code, j=interpreted, Vv=VM code)
j  sun.rmi.transport.Target.<init>(Ljava/rmi/Remote;Lsun/rmi/server/Dispatcher;Ljava/rmi/Remote;Ljava/rmi/server/ObjID;Z)V+43 java.rmi@22.0.2
j  sun.rmi.server.UnicastServerRef.exportObject(Ljava/rmi/Remote;Ljava/lang/Object;Z)Ljava/rmi/Remote;+69 java.rmi@22.0.2
j  sun.management.jmxremote.ConnectorBootstrap$PermanentExporter.exportObject(Ljava/rmi/Remote;ILjava/rmi/server/RMIClientSocketFactory;Ljava/rmi/server/RMIServerSocketFactory;Ljava/io/ObjectInputFilter;)Ljava/rmi/Remote;+82 jdk.management.agent@22.0.2
j  javax.management.remote.rmi.RMIJRMPServerImpl.export(Ljava/rmi/Remote;Ljava/io/ObjectInputFilter;)V+62 java.management.rmi@22.0.2
j  javax.management.remote.rmi.RMIJRMPServerImpl.export()V+6 java.management.rmi@22.0.2
j  javax.management.remote.rmi.RMIConnectorServer.start()V+246 java.management.rmi@22.0.2
j  sun.management.jmxremote.ConnectorBootstrap.startLocalConnectorServer()Ljavax/management/remote/JMXConnectorServer;+290 jdk.management.agent@22.0.2
j  jdk.internal.agent.Agent.startLocalManagementAgent()V+13 jdk.management.agent@22.0.2
j  jdk.internal.agent.Agent.startAgent(Ljava/util/Properties;)V+58 jdk.management.agent@22.0.2
j  jdk.internal.agent.Agent.startAgent()V+20 jdk.management.agent@22.0.2
v  ~StubRoutines::call_stub 0x0000026136e3100d
new  187 new  [0x0000026136e48d40, 0x0000026136e48f48]  520 bytes
[MachCode]
  0x0000026136e48d40: 4883 ec08 | c5fa 1104 | 24eb 1f48 | 83ec 10c5 | fb11 0424 | eb14 4883 | ec10 4889 | 0424 48c7 
  0x0000026136e48d60: 4424 0800 | 0000 00eb | 0150 410f | b755 010f | cac1 ea10 | 488b 4de8 | 488b 4908 | 488b 4908 
  0x0000026136e48d80: 488b 4108 | 807c 1004 | 070f 85d3 | 0000 0066 | 8b54 d148 | 488b 4928 | 488b 4cd1 | 0851 80b9 
  0x0000026136e48da0: 2001 0000 | 050f 85b6 | 0000 008b | 5108 f6c2 | 010f 85aa | 0000 0049 | 8b87 b801 | 0000 488d 
  0x0000026136e48dc0: 1c10 493b | 9fc8 0100 | 000f 8792 | 0000 0049 | 899f b801 | 0000 4883 | ea10 0f84 | 0f00 0000 
  0x0000026136e48de0: 33c9 c1ea | 0348 894c | d008 48ff | ca75 f648 | c700 0100 | 0000 5933 | f689 700c | 49ba 0000 
  0x0000026136e48e00: 003e 6102 | 0000 492b | ca89 4808 | 49ba 6d40 | e7dd fc7f | 0000 4180 | 3a00 0f84 | 3c00 0000 
  0x0000026136e48e20: 5048 8bc8 | 4883 ec20 | 40f6 c40f | 0f84 1900 | 0000 4883 | ec08 48b8 | c0b9 97dd | fc7f 0000 
  0x0000026136e48e40: ffd0 4883 | c408 e90c | 0000 0048 | b8c0 b997 | ddfc 7f00 | 00ff d048 | 83c4 2058 | e9cb 0000 
  0x0000026136e48e60: 0059 488b | 55e8 488b | 5208 488b | 5208 450f | b745 0141 | 0fc8 41c1 | e810 e805 | 0000 00e9 
  0x0000026136e48e80: a800 0000 | 488d 4424 | 084c 896d | c049 8bcf | c5f8 7749 | 89af b003 | 0000 4989 | 87a0 0300 
  0x0000026136e48ea0: 0048 83ec | 2040 f6c4 | 0f0f 8419 | 0000 0048 | 83ec 0848 | b860 9e60 | ddfc 7f00 | 00ff d048 
  0x0000026136e48ec0: 83c4 08e9 | 0c00 0000 | 48b8 609e | 60dd fc7f | 0000 ffd0 | 4883 c420 | 49c7 87a0 | 0300 0000 
  0x0000026136e48ee0: 0000 0049 | c787 b003 | 0000 0000 | 0000 49c7 | 87a8 0300 | 0000 0000 | 00c5 f877 | 4983 7f08 
  0x0000026136e48f00: 000f 8405 | 0000 00e9 | f47f feff | 498b 87f8 | 0300 0049 | c787 f803 | 0000 0000 | 0000 4c8b 
  0x0000026136e48f20: 6dc0 4c8b | 75c8 4e8d | 74f5 00c3 | 410f b65d | 0349 83c5 | 0349 ba30 | 09eb ddfc | 7f00 0041 
  0x0000026136e48f40: ff24 da0f | 1f44 0000 
[/MachCode]

---------------  P R O C E S S  ---------------

Threads class SMR info:
_java_thread_list=0x000002617f2bec70, length=12, elements={
0x000002612c8c8350, 0x000002613dd31390, 0x000002613dd322b0, 0x000002613dd35c60,
0x000002613dd3a060, 0x000002613dd3bb00, 0x000002613dd42450, 0x000002613dd48250,
0x000002613dd410a0, 0x000002617f060710, 0x000002613dd42ae0, 0x000002613dd43800
}

Java Threads: ( => current thread )
=>0x000002612c8c8350 JavaThread "main"                              [_thread_in_vm, id=26608, stack(0x0000006f53800000,0x0000006f53900000) (1024K)]
  0x000002613dd31390 JavaThread "Reference Handler"          daemon [_thread_blocked, id=21188, stack(0x0000006f54000000,0x0000006f54100000) (1024K)]
  0x000002613dd322b0 JavaThread "Finalizer"                  daemon [_thread_blocked, id=25728, stack(0x0000006f54100000,0x0000006f54200000) (1024K)]
  0x000002613dd35c60 JavaThread "Signal Dispatcher"          daemon [_thread_blocked, id=15460, stack(0x0000006f54200000,0x0000006f54300000) (1024K)]
  0x000002613dd3a060 JavaThread "Attach Listener"            daemon [_thread_blocked, id=20672, stack(0x0000006f54300000,0x0000006f54400000) (1024K)]
  0x000002613dd3bb00 JavaThread "Service Thread"             daemon [_thread_blocked, id=1584, stack(0x0000006f54400000,0x0000006f54500000) (1024K)]
  0x000002613dd42450 JavaThread "Monitor Deflation Thread"   daemon [_thread_blocked, id=3288, stack(0x0000006f54500000,0x0000006f54600000) (1024K)]
  0x000002613dd48250 JavaThread "C1 CompilerThread0"         daemon [_thread_blocked, id=860, stack(0x0000006f54600000,0x0000006f54700000) (1024K)]
  0x000002613dd410a0 JavaThread "Common-Cleaner"             daemon [_thread_blocked, id=6836, stack(0x0000006f54700000,0x0000006f54800000) (1024K)]
  0x000002617f060710 JavaThread "C1 CompilerThread1"         daemon [_thread_blocked, id=26512, stack(0x0000006f54800000,0x0000006f54900000) (1024K)]
  0x000002613dd42ae0 JavaThread "Monitor Ctrl-Break"         daemon [_thread_in_native, id=2580, stack(0x0000006f54900000,0x0000006f54a00000) (1024K)]
  0x000002613dd43800 JavaThread "Notification Thread"        daemon [_thread_blocked, id=2516, stack(0x0000006f54a00000,0x0000006f54b00000) (1024K)]
Total: 12

Other Threads:
  0x000002613dd16ee0 VMThread "VM Thread"                           [id=21444, stack(0x0000006f53f00000,0x0000006f54000000) (1024K)]
  0x000002613dcff2c0 WatcherThread "VM Periodic Task Thread"        [id=21436, stack(0x0000006f53e00000,0x0000006f53f00000) (1024K)]
  0x000002612eb2d060 WorkerThread "GC Thread#0"                     [id=8208, stack(0x0000006f53900000,0x0000006f53a00000) (1024K)]
  0x000002612eb364e0 ConcurrentGCThread "G1 Main Marker"            [id=19988, stack(0x0000006f53a00000,0x0000006f53b00000) (1024K)]
  0x000002612eb371a0 WorkerThread "G1 Conc#0"                       [id=27436, stack(0x0000006f53b00000,0x0000006f53c00000) (1024K)]
  0x000002612eba0680 ConcurrentGCThread "G1 Refine#0"               [id=14136, stack(0x0000006f53c00000,0x0000006f53d00000) (1024K)]
  0x000002612eba1200 ConcurrentGCThread "G1 Service"                [id=3468, stack(0x0000006f53d00000,0x0000006f53e00000) (1024K)]
Total: 7

Threads with active compile tasks:
Total: 0

VM state: not at safepoint (normal execution)

VM Mutex/Monitor currently owned by a thread:  ([mutex/lock_event])
[0x00007ffcdde9ab00] Metaspace_lock - owner thread: 0x000002612c8c8350

Heap address: 0x00000000c1c00000, size: 996 MB, Compressed Oops mode: 32-bit

CDS archive(s) mapped at: [0x000002613e000000-0x000002613ec60000-0x000002613ec60000), size 12976128, SharedBaseAddress: 0x000002613e000000, ArchiveRelocationMode: 1.
Compressed class space mapped at: 0x000002613f000000-0x000002617f000000, reserved size: 1073741824
Narrow klass base: 0x000002613e000000, Narrow klass shift: 0, Narrow klass range: 0x41000000

GC Precious Log:
 CardTable entry size: 512
 Card Set container configuration: InlinePtr #cards 5 size 8 Array Of Cards #cards 12 size 40 Howl #buckets 4 coarsen threshold 1843 Howl Bitmap #cards 512 size 80 coarsen threshold 460 Card regions per heap region 1 cards per card region 2048
 CPUs: 8 total, 8 available
 Memory: 3982M
 Large Page Support: Disabled
 NUMA Support: Disabled
 Compressed Oops: Enabled (32-bit)
 Heap Region Size: 1M
 Heap Min Capacity: 8M
 Heap Initial Capacity: 64M
 Heap Max Capacity: 996M
 Pre-touch: Disabled
 Parallel Workers: 8
 Concurrent Workers: 2
 Concurrent Refinement Workers: 8
 Periodic GC: Disabled

Heap:
 garbage-first heap   total reserved 1019904K, committed 65536K, used 11264K [0x00000000c1c00000, 0x0000000100000000)
  region size 1024K, 13 young (13312K), 0 survivors (0K)
 Metaspace       used 4379K, committed 4544K, reserved 1114112K
  class space    used 528K, committed 640K, reserved 1048576K

Heap Regions: E=young(eden), S=young(survivor), O=old, HS=humongous(starts), HC=humongous(continues), CS=collection set, F=free, TAMS=top-at-mark-start, PB=parsable bottom
|   0|0x00000000c1c00000, 0x00000000c1c00000, 0x00000000c1d00000|  0%| F|  |TAMS 0x00000000c1c00000| PB 0x00000000c1c00000| Untracked |  0
|   1|0x00000000c1d00000, 0x00000000c1d00000, 0x00000000c1e00000|  0%| F|  |TAMS 0x00000000c1d00000| PB 0x00000000c1d00000| Untracked |  0
|   2|0x00000000c1e00000, 0x00000000c1e00000, 0x00000000c1f00000|  0%| F|  |TAMS 0x00000000c1e00000| PB 0x00000000c1e00000| Untracked |  0
|   3|0x00000000c1f00000, 0x00000000c1f00000, 0x00000000c2000000|  0%| F|  |TAMS 0x00000000c1f00000| PB 0x00000000c1f00000| Untracked |  0
|   4|0x00000000c2000000, 0x00000000c2000000, 0x00000000c2100000|  0%| F|  |TAMS 0x00000000c2000000| PB 0x00000000c2000000| Untracked |  0
|   5|0x00000000c2100000, 0x00000000c2100000, 0x00000000c2200000|  0%| F|  |TAMS 0x00000000c2100000| PB 0x00000000c2100000| Untracked |  0
|   6|0x00000000c2200000, 0x00000000c2200000, 0x00000000c2300000|  0%| F|  |TAMS 0x00000000c2200000| PB 0x00000000c2200000| Untracked |  0
|   7|0x00000000c2300000, 0x00000000c2300000, 0x00000000c2400000|  0%| F|  |TAMS 0x00000000c2300000| PB 0x00000000c2300000| Untracked |  0
|   8|0x00000000c2400000, 0x00000000c2400000, 0x00000000c2500000|  0%| F|  |TAMS 0x00000000c2400000| PB 0x00000000c2400000| Untracked |  0
|   9|0x00000000c2500000, 0x00000000c2500000, 0x00000000c2600000|  0%| F|  |TAMS 0x00000000c2500000| PB 0x00000000c2500000| Untracked |  0
|  10|0x00000000c2600000, 0x00000000c2600000, 0x00000000c2700000|  0%| F|  |TAMS 0x00000000c2600000| PB 0x00000000c2600000| Untracked |  0
|  11|0x00000000c2700000, 0x00000000c2700000, 0x00000000c2800000|  0%| F|  |TAMS 0x00000000c2700000| PB 0x00000000c2700000| Untracked |  0
|  12|0x00000000c2800000, 0x00000000c2800000, 0x00000000c2900000|  0%| F|  |TAMS 0x00000000c2800000| PB 0x00000000c2800000| Untracked |  0
|  13|0x00000000c2900000, 0x00000000c2900000, 0x00000000c2a00000|  0%| F|  |TAMS 0x00000000c2900000| PB 0x00000000c2900000| Untracked |  0
|  14|0x00000000c2a00000, 0x00000000c2a00000, 0x00000000c2b00000|  0%| F|  |TAMS 0x00000000c2a00000| PB 0x00000000c2a00000| Untracked |  0
|  15|0x00000000c2b00000, 0x00000000c2b00000, 0x00000000c2c00000|  0%| F|  |TAMS 0x00000000c2b00000| PB 0x00000000c2b00000| Untracked |  0
|  16|0x00000000c2c00000, 0x00000000c2c00000, 0x00000000c2d00000|  0%| F|  |TAMS 0x00000000c2c00000| PB 0x00000000c2c00000| Untracked |  0
|  17|0x00000000c2d00000, 0x00000000c2d00000, 0x00000000c2e00000|  0%| F|  |TAMS 0x00000000c2d00000| PB 0x00000000c2d00000| Untracked |  0
|  18|0x00000000c2e00000, 0x00000000c2e00000, 0x00000000c2f00000|  0%| F|  |TAMS 0x00000000c2e00000| PB 0x00000000c2e00000| Untracked |  0
|  19|0x00000000c2f00000, 0x00000000c2f00000, 0x00000000c3000000|  0%| F|  |TAMS 0x00000000c2f00000| PB 0x00000000c2f00000| Untracked |  0
|  20|0x00000000c3000000, 0x00000000c3000000, 0x00000000c3100000|  0%| F|  |TAMS 0x00000000c3000000| PB 0x00000000c3000000| Untracked |  0
|  21|0x00000000c3100000, 0x00000000c3100000, 0x00000000c3200000|  0%| F|  |TAMS 0x00000000c3100000| PB 0x00000000c3100000| Untracked |  0
|  22|0x00000000c3200000, 0x00000000c3200000, 0x00000000c3300000|  0%| F|  |TAMS 0x00000000c3200000| PB 0x00000000c3200000| Untracked |  0
|  23|0x00000000c3300000, 0x00000000c3300000, 0x00000000c3400000|  0%| F|  |TAMS 0x00000000c3300000| PB 0x00000000c3300000| Untracked |  0
|  24|0x00000000c3400000, 0x00000000c3400000, 0x00000000c3500000|  0%| F|  |TAMS 0x00000000c3400000| PB 0x00000000c3400000| Untracked |  0
|  25|0x00000000c3500000, 0x00000000c3500000, 0x00000000c3600000|  0%| F|  |TAMS 0x00000000c3500000| PB 0x00000000c3500000| Untracked |  0
|  26|0x00000000c3600000, 0x00000000c3600000, 0x00000000c3700000|  0%| F|  |TAMS 0x00000000c3600000| PB 0x00000000c3600000| Untracked |  0
|  27|0x00000000c3700000, 0x00000000c3700000, 0x00000000c3800000|  0%| F|  |TAMS 0x00000000c3700000| PB 0x00000000c3700000| Untracked |  0
|  28|0x00000000c3800000, 0x00000000c3800000, 0x00000000c3900000|  0%| F|  |TAMS 0x00000000c3800000| PB 0x00000000c3800000| Untracked |  0
|  29|0x00000000c3900000, 0x00000000c3900000, 0x00000000c3a00000|  0%| F|  |TAMS 0x00000000c3900000| PB 0x00000000c3900000| Untracked |  0
|  30|0x00000000c3a00000, 0x00000000c3a00000, 0x00000000c3b00000|  0%| F|  |TAMS 0x00000000c3a00000| PB 0x00000000c3a00000| Untracked |  0
|  31|0x00000000c3b00000, 0x00000000c3b00000, 0x00000000c3c00000|  0%| F|  |TAMS 0x00000000c3b00000| PB 0x00000000c3b00000| Untracked |  0
|  32|0x00000000c3c00000, 0x00000000c3c00000, 0x00000000c3d00000|  0%| F|  |TAMS 0x00000000c3c00000| PB 0x00000000c3c00000| Untracked |  0
|  33|0x00000000c3d00000, 0x00000000c3d00000, 0x00000000c3e00000|  0%| F|  |TAMS 0x00000000c3d00000| PB 0x00000000c3d00000| Untracked |  0
|  34|0x00000000c3e00000, 0x00000000c3e00000, 0x00000000c3f00000|  0%| F|  |TAMS 0x00000000c3e00000| PB 0x00000000c3e00000| Untracked |  0
|  35|0x00000000c3f00000, 0x00000000c3f00000, 0x00000000c4000000|  0%| F|  |TAMS 0x00000000c3f00000| PB 0x00000000c3f00000| Untracked |  0
|  36|0x00000000c4000000, 0x00000000c4000000, 0x00000000c4100000|  0%| F|  |TAMS 0x00000000c4000000| PB 0x00000000c4000000| Untracked |  0
|  37|0x00000000c4100000, 0x00000000c4100000, 0x00000000c4200000|  0%| F|  |TAMS 0x00000000c4100000| PB 0x00000000c4100000| Untracked |  0
|  38|0x00000000c4200000, 0x00000000c4200000, 0x00000000c4300000|  0%| F|  |TAMS 0x00000000c4200000| PB 0x00000000c4200000| Untracked |  0
|  39|0x00000000c4300000, 0x00000000c4300000, 0x00000000c4400000|  0%| F|  |TAMS 0x00000000c4300000| PB 0x00000000c4300000| Untracked |  0
|  40|0x00000000c4400000, 0x00000000c4400000, 0x00000000c4500000|  0%| F|  |TAMS 0x00000000c4400000| PB 0x00000000c4400000| Untracked |  0
|  41|0x00000000c4500000, 0x00000000c4500000, 0x00000000c4600000|  0%| F|  |TAMS 0x00000000c4500000| PB 0x00000000c4500000| Untracked |  0
|  42|0x00000000c4600000, 0x00000000c4600000, 0x00000000c4700000|  0%| F|  |TAMS 0x00000000c4600000| PB 0x00000000c4600000| Untracked |  0
|  43|0x00000000c4700000, 0x00000000c4700000, 0x00000000c4800000|  0%| F|  |TAMS 0x00000000c4700000| PB 0x00000000c4700000| Untracked |  0
|  44|0x00000000c4800000, 0x00000000c4800000, 0x00000000c4900000|  0%| F|  |TAMS 0x00000000c4800000| PB 0x00000000c4800000| Untracked |  0
|  45|0x00000000c4900000, 0x00000000c4900000, 0x00000000c4a00000|  0%| F|  |TAMS 0x00000000c4900000| PB 0x00000000c4900000| Untracked |  0
|  46|0x00000000c4a00000, 0x00000000c4a00000, 0x00000000c4b00000|  0%| F|  |TAMS 0x00000000c4a00000| PB 0x00000000c4a00000| Untracked |  0
|  47|0x00000000c4b00000, 0x00000000c4b00000, 0x00000000c4c00000|  0%| F|  |TAMS 0x00000000c4b00000| PB 0x00000000c4b00000| Untracked |  0
|  48|0x00000000c4c00000, 0x00000000c4c00000, 0x00000000c4d00000|  0%| F|  |TAMS 0x00000000c4c00000| PB 0x00000000c4c00000| Untracked |  0
|  49|0x00000000c4d00000, 0x00000000c4d00000, 0x00000000c4e00000|  0%| F|  |TAMS 0x00000000c4d00000| PB 0x00000000c4d00000| Untracked |  0
|  50|0x00000000c4e00000, 0x00000000c4e00000, 0x00000000c4f00000|  0%| F|  |TAMS 0x00000000c4e00000| PB 0x00000000c4e00000| Untracked |  0
|  51|0x00000000c4f00000, 0x00000000c4ff5c48, 0x00000000c5000000| 96%| E|  |TAMS 0x00000000c4f00000| PB 0x00000000c4f00000| Complete |  0
|  52|0x00000000c5000000, 0x00000000c5100000, 0x00000000c5100000|100%| E|CS|TAMS 0x00000000c5000000| PB 0x00000000c5000000| Complete |  0
|  53|0x00000000c5100000, 0x00000000c5200000, 0x00000000c5200000|100%| E|CS|TAMS 0x00000000c5100000| PB 0x00000000c5100000| Complete |  0
|  54|0x00000000c5200000, 0x00000000c5300000, 0x00000000c5300000|100%| E|CS|TAMS 0x00000000c5200000| PB 0x00000000c5200000| Complete |  0
|  55|0x00000000c5300000, 0x00000000c5400000, 0x00000000c5400000|100%| E|CS|TAMS 0x00000000c5300000| PB 0x00000000c5300000| Complete |  0
|  56|0x00000000c5400000, 0x00000000c5500000, 0x00000000c5500000|100%| E|CS|TAMS 0x00000000c5400000| PB 0x00000000c5400000| Complete |  0
|  57|0x00000000c5500000, 0x00000000c5600000, 0x00000000c5600000|100%| E|CS|TAMS 0x00000000c5500000| PB 0x00000000c5500000| Complete |  0
|  58|0x00000000c5600000, 0x00000000c5700000, 0x00000000c5700000|100%| E|CS|TAMS 0x00000000c5600000| PB 0x00000000c5600000| Complete |  0
|  59|0x00000000c5700000, 0x00000000c5800000, 0x00000000c5800000|100%| E|  |TAMS 0x00000000c5700000| PB 0x00000000c5700000| Complete |  0
|  60|0x00000000c5800000, 0x00000000c5900000, 0x00000000c5900000|100%| E|CS|TAMS 0x00000000c5800000| PB 0x00000000c5800000| Complete |  0
|  61|0x00000000c5900000, 0x00000000c5a00000, 0x00000000c5a00000|100%| E|CS|TAMS 0x00000000c5900000| PB 0x00000000c5900000| Complete |  0
|  62|0x00000000c5a00000, 0x00000000c5b00000, 0x00000000c5b00000|100%| E|CS|TAMS 0x00000000c5a00000| PB 0x00000000c5a00000| Complete |  0
|  63|0x00000000c5b00000, 0x00000000c5c00000, 0x00000000c5c00000|100%| E|CS|TAMS 0x00000000c5b00000| PB 0x00000000c5b00000| Complete |  0

Card table byte_map: [0x000002613a140000,0x000002613a340000] _byte_map_base: 0x0000026139b32000

Marking Bits: (CMBitMap*) 0x000002612eb2d770
 Bits: [0x000002613a340000, 0x000002613b2d0000)

Polling page: 0x000002612e2b0000

Metaspace:

Usage:
  Non-class:      3.76 MB used.
      Class:    528.41 KB used.
       Both:      4.28 MB used.

Virtual space:
  Non-class space:       64.00 MB reserved,       3.81 MB (  6%) committed,  1 nodes.
      Class space:        1.00 GB reserved,     640.00 KB ( <1%) committed,  1 nodes.
             Both:        1.06 GB reserved,       4.44 MB ( <1%) committed. 

Chunk freelists:
   Non-Class:  11.89 MB
       Class:  15.25 MB
        Both:  27.14 MB

MaxMetaspaceSize: unlimited
CompressedClassSpaceSize: 1.00 GB
Initial GC threshold: 21.00 MB
Current GC threshold: 21.00 MB
CDS: on
 - commit_granule_bytes: 65536.
 - commit_granule_words: 8192.
 - virtual_space_node_default_size: 8388608.
 - enlarge_chunks_in_place: 1.
 - use_allocation_guard: 0.


Internal statistics:

num_allocs_failed_limit: 0.
num_arena_births: 104.
num_arena_deaths: 0.
num_vsnodes_births: 2.
num_vsnodes_deaths: 0.
num_space_committed: 71.
num_space_uncommitted: 0.
num_chunks_returned_to_freelist: 0.
num_chunks_taken_from_freelist: 114.
num_chunk_merges: 0.
num_chunk_splits: 79.
num_chunks_enlarged: 49.
num_inconsistent_stats: 0.

CodeCache: size=49152Kb used=3193Kb max_used=3193Kb free=45958Kb
 bounds [0x0000026136e30000, 0x0000026137150000, 0x0000026139e30000]
 total_blobs=1479 nmethods=1022 adapters=381
 compilation: enabled
              stopped_count=0, restarted_count=0
 full_count=0

Compilation events (20 events):
Event: 0.701 Thread 0x000002617f060710 1013       1       java.lang.invoke.Invokers$Holder::linkToTargetMethod (9 bytes)
Event: 0.701 Thread 0x000002613dd48250 1014       1       java.lang.invoke.MethodHandleNatives::isCallerSensitive (29 bytes)
Event: 0.701 Thread 0x000002617f060710 nmethod 1013 0x0000026137149890 code [0x0000026137149a40, 0x0000026137149b68]
Event: 0.701 Thread 0x000002617f060710 1017       1       jdk.internal.org.objectweb.asm.MethodWriter::<init> (232 bytes)
Event: 0.701 Thread 0x000002613dd48250 nmethod 1014 0x0000026137149c10 code [0x0000026137149dc0, 0x0000026137149f20]
Event: 0.701 Thread 0x000002613dd48250 1015       1       java.lang.invoke.MethodHandleNatives::canBeCalledVirtual (49 bytes)
Event: 0.701 Thread 0x000002613dd48250 nmethod 1015 0x000002613714a010 code [0x000002613714a1c0, 0x000002613714a378]
Event: 0.701 Thread 0x000002613dd48250 1016       1       jdk.internal.org.objectweb.asm.ClassWriter::visitMethod (57 bytes)
Event: 0.701 Thread 0x000002613dd48250 nmethod 1016 0x000002613714a490 code [0x000002613714a640, 0x000002613714a908]
Event: 0.701 Thread 0x000002617f060710 nmethod 1017 0x000002613714aa10 code [0x000002613714ac40, 0x000002613714b4b8]
Event: 0.701 Thread 0x000002613dd48250 1018       1       jdk.internal.org.objectweb.asm.MethodVisitor::<init> (7 bytes)
Event: 0.702 Thread 0x000002617f060710 1019       1       jdk.internal.org.objectweb.asm.MethodWriter::visitMaxs (60 bytes)
Event: 0.702 Thread 0x000002613dd48250 nmethod 1018 0x000002613714c690 code [0x000002613714c820, 0x000002613714c908]
Event: 0.702 Thread 0x000002613dd48250 1020       1       jdk.internal.org.objectweb.asm.MethodWriter::visitEnd (1 bytes)
Event: 0.702 Thread 0x000002617f060710 nmethod 1019 0x000002613714c990 code [0x000002613714cb60, 0x000002613714cd00]
Event: 0.702 Thread 0x000002613dd48250 nmethod 1020 0x000002613714cd90 code [0x000002613714cf20, 0x000002613714cfe8]
Event: 0.702 Thread 0x000002617f060710 1021       1       jdk.internal.org.objectweb.asm.MethodWriter::computeMethodInfoSize (571 bytes)
Event: 0.703 Thread 0x000002617f060710 nmethod 1021 0x000002613714d090 code [0x000002613714d340, 0x000002613714db30]
Event: 0.705 Thread 0x000002613dd48250 1022       1       java.util.Properties::getProperty (50 bytes)
Event: 0.705 Thread 0x000002613dd48250 nmethod 1022 0x000002613714e190 code [0x000002613714e340, 0x000002613714e520]

GC Heap History (0 events):
No events

Dll operation events (11 events):
Event: 0.024 Loaded shared library C:\Users\HP\.jdks\openjdk-22.0.2\bin\java.dll
Event: 0.123 Loaded shared library C:\Users\HP\.jdks\openjdk-22.0.2\bin\zip.dll
Event: 0.129 Loaded shared library C:\Users\HP\.jdks\openjdk-22.0.2\bin\instrument.dll
Event: 0.136 Loaded shared library C:\Users\HP\.jdks\openjdk-22.0.2\bin\net.dll
Event: 0.138 Loaded shared library C:\Users\HP\.jdks\openjdk-22.0.2\bin\nio.dll
Event: 0.141 Loaded shared library C:\Users\HP\.jdks\openjdk-22.0.2\bin\zip.dll
Event: 0.201 Loaded shared library C:\Program Files\JetBrains\IntelliJ IDEA 2024.1.4\bin\breakgen64.dll
Event: 0.209 Loaded shared library C:\Users\HP\.jdks\openjdk-22.0.2\bin\jimage.dll
Event: 0.216 Loaded shared library C:\Users\HP\.jdks\openjdk-22.0.2\bin\extnet.dll
Event: 0.247 Loaded shared library C:\Users\HP\.jdks\openjdk-22.0.2\bin\management.dll
Event: 0.266 Loaded shared library C:\Users\HP\.jdks\openjdk-22.0.2\bin\management_ext.dll

Deoptimization events (0 events):
No events

Classes loaded (20 events):
Event: 0.706 Loading class sun/rmi/server/UnicastRef2 done
Event: 0.706 Loading class javax/management/remote/rmi/RMIServerImpl_Stub
Event: 0.706 Loading class java/rmi/server/RemoteStub
Event: 0.706 Loading class java/rmi/server/RemoteObject
Event: 0.706 Loading class java/rmi/server/RemoteObject done
Event: 0.706 Loading class java/rmi/server/RemoteStub done
Event: 0.706 Loading class javax/management/remote/rmi/RMIServerImpl_Stub done
Event: 0.707 Loading class java/rmi/RemoteException
Event: 0.707 Loading class java/rmi/RemoteException done
Event: 0.707 Loading class javax/management/remote/rmi/RMIConnection
Event: 0.707 Loading class javax/management/remote/rmi/RMIConnection done
Event: 0.707 Loading class javax/management/remote/rmi/RMIServerImpl_Skel
Event: 0.707 Loading class javax/management/remote/rmi/RMIServerImpl_Skel done
Event: 0.707 Loading class java/rmi/server/SkeletonNotFoundException
Event: 0.707 Loading class java/rmi/server/SkeletonNotFoundException done
Event: 0.707 Loading class sun/rmi/transport/Target
Event: 0.708 Loading class sun/rmi/transport/Target done
Event: 0.708 Loading class java/util/Vector
Event: 0.708 Loading class java/util/Vector done
Event: 0.708 Loading class sun/rmi/transport/WeakRef

Classes unloaded (0 events):
No events

Classes redefined (0 events):
No events

Internal exceptions (11 events):
Event: 0.181 Thread 0x000002612c8c8350 Exception <a 'java/lang/NoSuchMethodError'{0x00000000c5634538}: 'void java.lang.invoke.DirectMethodHandle$Holder.invokeStatic(java.lang.Object, java.lang.Object, java.lang.Object)'> (0x00000000c5634538) 
thrown [s\open\src\hotspot\share\interpreter\linkResolver.cpp, line 774]
Event: 0.185 Thread 0x000002612c8c8350 Exception <a 'java/lang/NoSuchMethodError'{0x00000000c564bfd0}: 'java.lang.Object java.lang.invoke.Invokers$Holder.invokeExact_MT(java.lang.Object, java.lang.Object, java.lang.Object, java.lang.Object, java.lang.Object)'> (0x00000000c564bfd0) 
thrown [s\open\src\hotspot\share\interpreter\linkResolver.cpp, line 774]
Event: 0.217 Thread 0x000002613dd42ae0 Exception <a 'java/lang/NoSuchMethodError'{0x00000000c5685b88}: 'void java.lang.invoke.DirectMethodHandle$Holder.invokeStatic(java.lang.Object, java.lang.Object)'> (0x00000000c5685b88) 
thrown [s\open\src\hotspot\share\interpreter\linkResolver.cpp, line 774]
Event: 0.270 Thread 0x000002612c8c8350 Exception <a 'java/lang/NoSuchMethodError'{0x00000000c550cfa8}: 'int java.lang.invoke.DirectMethodHandle$Holder.invokeInterface(java.lang.Object, java.lang.Object)'> (0x00000000c550cfa8) 
thrown [s\open\src\hotspot\share\interpreter\linkResolver.cpp, line 774]
Event: 0.270 Thread 0x000002612c8c8350 Exception <a 'java/lang/IncompatibleClassChangeError'{0x00000000c55102d0}: Found class java.lang.Object, but interface was expected> (0x00000000c55102d0) 
thrown [s\open\src\hotspot\share\interpreter\linkResolver.cpp, line 841]
Event: 0.323 Thread 0x000002612c8c8350 Exception <a 'java/lang/NoSuchMethodError'{0x00000000c55da3d8}: 'int java.lang.invoke.DirectMethodHandle$Holder.invokeSpecial(java.lang.Object, java.lang.Object, java.lang.Object)'> (0x00000000c55da3d8) 
thrown [s\open\src\hotspot\share\interpreter\linkResolver.cpp, line 774]
Event: 0.363 Thread 0x000002612c8c8350 Exception <a 'java/lang/NoSuchMethodError'{0x00000000c5330810}: 'java.lang.Object java.lang.invoke.DirectMethodHandle$Holder.invokeStaticInit(java.lang.Object, java.lang.Object, java.lang.Object)'> (0x00000000c5330810) 
thrown [s\open\src\hotspot\share\interpreter\linkResolver.cpp, line 774]
Event: 0.444 Thread 0x000002612c8c8350 Exception <a 'java/lang/NoSuchMethodError'{0x00000000c50378d0}: 'int java.lang.invoke.DirectMethodHandle$Holder.invokeSpecialIFC(java.lang.Object, java.lang.Object, java.lang.Object)'> (0x00000000c50378d0) 
thrown [s\open\src\hotspot\share\interpreter\linkResolver.cpp, line 774]
Event: 0.485 Thread 0x000002612c8c8350 Exception <a 'java/lang/NoSuchMethodError'{0x00000000c50a9f38}: 'java.lang.Object java.lang.invoke.DirectMethodHandle$Holder.invokeStaticInit(java.lang.Object, int, int, int, int)'> (0x00000000c50a9f38) 
thrown [s\open\src\hotspot\share\interpreter\linkResolver.cpp, line 774]
Event: 0.661 Thread 0x000002612c8c8350 Exception <a 'java/lang/NoSuchMethodError'{0x00000000c4f64e90}: 'java.lang.Object java.lang.invoke.DirectMethodHandle$Holder.invokeStaticInit(java.lang.Object, java.lang.Object, int, int, int, int)'> (0x00000000c4f64e90) 
thrown [s\open\src\hotspot\share\interpreter\linkResolver.cpp, line 774]
Event: 0.707 Thread 0x000002612c8c8350 Exception <a 'java/lang/ClassNotFoundException'{0x00000000c4f82478}: javax/management/remote/rmi/RMIServerImpl_Skel> (0x00000000c4f82478) 
thrown [s\open\src\hotspot\share\classfile\systemDictionary.cpp, line 313]

ZGC Phase Switch (0 events):
No events

VM Operations (8 events):
Event: 0.112 Executing VM operation: HandshakeAllThreads (Deoptimize)
Event: 0.112 Executing VM operation: HandshakeAllThreads (Deoptimize) done
Event: 0.462 Executing VM operation: HandshakeAllThreads (Deoptimize)
Event: 0.462 Executing VM operation: HandshakeAllThreads (Deoptimize) done
Event: 0.706 Executing VM operation: HandshakeAllThreads (Deoptimize)
Event: 0.706 Executing VM operation: HandshakeAllThreads (Deoptimize) done
Event: 0.707 Executing VM operation: HandshakeAllThreads (Deoptimize)
Event: 0.707 Executing VM operation: HandshakeAllThreads (Deoptimize) done

Memory protections (0 events):
No events

Nmethod flushes (0 events):
No events

Events (12 events):
Event: 0.042 Thread 0x000002612c8c8350 Thread added: 0x000002612c8c8350
Event: 0.058 Thread 0x000002612c8c8350 Thread added: 0x000002613dd31390
Event: 0.058 Thread 0x000002612c8c8350 Thread added: 0x000002613dd322b0
Event: 0.058 Thread 0x000002612c8c8350 Thread added: 0x000002613dd35c60
Event: 0.058 Thread 0x000002612c8c8350 Thread added: 0x000002613dd3a060
Event: 0.058 Thread 0x000002612c8c8350 Thread added: 0x000002613dd3bb00
Event: 0.059 Thread 0x000002612c8c8350 Thread added: 0x000002613dd42450
Event: 0.059 Thread 0x000002612c8c8350 Thread added: 0x000002613dd48250
Event: 0.107 Thread 0x000002612c8c8350 Thread added: 0x000002613dd410a0
Event: 0.112 Thread 0x000002613dd48250 Thread added: 0x000002617f060710
Event: 0.202 Thread 0x000002612c8c8350 Thread added: 0x000002613dd42ae0
Event: 0.202 Thread 0x000002612c8c8350 Thread added: 0x000002613dd43800


Dynamic libraries:
0x00007ff65b030000 - 0x00007ff65b03e000 	C:\Users\HP\.jdks\openjdk-22.0.2\bin\java.exe
0x00007ffd53510000 - 0x00007ffd53727000 	C:\WINDOWS\SYSTEM32\ntdll.dll
0x00007ffd51a50000 - 0x00007ffd51b14000 	C:\WINDOWS\System32\KERNEL32.DLL
0x00007ffd50a40000 - 0x00007ffd50ded000 	C:\WINDOWS\System32\KERNELBASE.dll
0x00007ffd510b0000 - 0x00007ffd511c1000 	C:\WINDOWS\System32\ucrtbase.dll
0x00007ffd37e70000 - 0x00007ffd37e8b000 	C:\Users\HP\.jdks\openjdk-22.0.2\bin\VCRUNTIME140.dll
0x00007ffd3a280000 - 0x00007ffd3a297000 	C:\Users\HP\.jdks\openjdk-22.0.2\bin\jli.dll
0x00007ffd51490000 - 0x00007ffd5163e000 	C:\WINDOWS\System32\USER32.dll
0x00007ffd508e0000 - 0x00007ffd50906000 	C:\WINDOWS\System32\win32u.dll
0x00007ffd3aee0000 - 0x00007ffd3b173000 	C:\WINDOWS\WinSxS\amd64_microsoft.windows.common-controls_6595b64144ccf1df_6.0.22621.3672_none_2713b9d173822955\COMCTL32.dll
0x00007ffd52e50000 - 0x00007ffd52e79000 	C:\WINDOWS\System32\GDI32.dll
0x00007ffd51e20000 - 0x00007ffd51ec7000 	C:\WINDOWS\System32\msvcrt.dll
0x00007ffd50f60000 - 0x00007ffd51079000 	C:\WINDOWS\System32\gdi32full.dll
0x00007ffd50840000 - 0x00007ffd508da000 	C:\WINDOWS\System32\msvcp_win.dll
0x00007ffd51390000 - 0x00007ffd513c1000 	C:\WINDOWS\System32\IMM32.DLL
0x00007ffd4d5f0000 - 0x00007ffd4d5fc000 	C:\Users\HP\.jdks\openjdk-22.0.2\bin\vcruntime140_1.dll
0x00007ffd05d90000 - 0x00007ffd05e1e000 	C:\Users\HP\.jdks\openjdk-22.0.2\bin\msvcp140.dll
0x00007ffcdd230000 - 0x00007ffcddf79000 	C:\Users\HP\.jdks\openjdk-22.0.2\bin\server\jvm.dll
0x00007ffd52420000 - 0x00007ffd524d2000 	C:\WINDOWS\System32\ADVAPI32.dll
0x00007ffd51b30000 - 0x00007ffd51bd9000 	C:\WINDOWS\System32\sechost.dll
0x00007ffd51080000 - 0x00007ffd510a8000 	C:\WINDOWS\System32\bcrypt.dll
0x00007ffd51830000 - 0x00007ffd51944000 	C:\WINDOWS\System32\RPCRT4.dll
0x00007ffd52570000 - 0x00007ffd525e1000 	C:\WINDOWS\System32\WS2_32.dll
0x00007ffd4f690000 - 0x00007ffd4f6dd000 	C:\WINDOWS\SYSTEM32\POWRPROF.dll
0x00007ffd46430000 - 0x00007ffd4643a000 	C:\WINDOWS\SYSTEM32\VERSION.dll
0x00007ffd47900000 - 0x00007ffd47934000 	C:\WINDOWS\SYSTEM32\WINMM.dll
0x00007ffd4f670000 - 0x00007ffd4f683000 	C:\WINDOWS\SYSTEM32\UMPDC.dll
0x00007ffd4f920000 - 0x00007ffd4f938000 	C:\WINDOWS\SYSTEM32\kernel.appcore.dll
0x00007ffd4b7a0000 - 0x00007ffd4b7aa000 	C:\Users\HP\.jdks\openjdk-22.0.2\bin\jimage.dll
0x00007ffd4e140000 - 0x00007ffd4e372000 	C:\WINDOWS\SYSTEM32\DBGHELP.DLL
0x00007ffd52090000 - 0x00007ffd52418000 	C:\WINDOWS\System32\combase.dll
0x00007ffd51250000 - 0x00007ffd51327000 	C:\WINDOWS\System32\OLEAUT32.dll
0x00007ffd32060000 - 0x00007ffd32092000 	C:\WINDOWS\SYSTEM32\dbgcore.DLL
0x00007ffd511d0000 - 0x00007ffd5124b000 	C:\WINDOWS\System32\bcryptPrimitives.dll
0x00007ffd37ea0000 - 0x00007ffd37eaf000 	C:\Users\HP\.jdks\openjdk-22.0.2\bin\instrument.dll
0x00007ffd37db0000 - 0x00007ffd37dce000 	C:\Users\HP\.jdks\openjdk-22.0.2\bin\java.dll
0x00007ffd525f0000 - 0x00007ffd52e4f000 	C:\WINDOWS\System32\SHELL32.dll
0x00007ffd53320000 - 0x00007ffd534c5000 	C:\WINDOWS\System32\ole32.dll
0x00007ffd4e5e0000 - 0x00007ffd4eedc000 	C:\WINDOWS\SYSTEM32\windows.storage.dll
0x00007ffd4ef10000 - 0x00007ffd4f04f000 	C:\WINDOWS\SYSTEM32\wintypes.dll
0x00007ffd51950000 - 0x00007ffd51a44000 	C:\WINDOWS\System32\SHCORE.dll
0x00007ffd513d0000 - 0x00007ffd5142e000 	C:\WINDOWS\System32\shlwapi.dll
0x00007ffd50770000 - 0x00007ffd50791000 	C:\WINDOWS\SYSTEM32\profapi.dll
0x00007ffd35290000 - 0x00007ffd352a7000 	C:\Users\HP\.jdks\openjdk-22.0.2\bin\zip.dll
0x00007ffd47940000 - 0x00007ffd47950000 	C:\Users\HP\.jdks\openjdk-22.0.2\bin\net.dll
0x00007ffd4fd80000 - 0x00007ffd4fde9000 	C:\WINDOWS\system32\mswsock.dll
0x00007ffd37d90000 - 0x00007ffd37da6000 	C:\Users\HP\.jdks\openjdk-22.0.2\bin\nio.dll
0x00007ffd34690000 - 0x00007ffd346aa000 	C:\Program Files\JetBrains\IntelliJ IDEA 2024.1.4\bin\breakgen64.dll
0x00007ffd37d40000 - 0x00007ffd37d49000 	C:\Users\HP\.jdks\openjdk-22.0.2\bin\extnet.dll
0x00007ffd4f390000 - 0x00007ffd4f488000 	C:\WINDOWS\SYSTEM32\DNSAPI.dll
0x00007ffd4f320000 - 0x00007ffd4f34d000 	C:\WINDOWS\SYSTEM32\IPHLPAPI.DLL
0x00007ffd51be0000 - 0x00007ffd51be9000 	C:\WINDOWS\System32\NSI.dll
0x00007ffd34ee0000 - 0x00007ffd34eea000 	C:\Windows\System32\rasadhlp.dll
0x00007ffd47100000 - 0x00007ffd47183000 	C:\WINDOWS\System32\fwpuclnt.dll
0x00007ffd4d640000 - 0x00007ffd4d64a000 	C:\Users\HP\.jdks\openjdk-22.0.2\bin\management.dll
0x00007ffd3a270000 - 0x00007ffd3a27b000 	C:\Users\HP\.jdks\openjdk-22.0.2\bin\management_ext.dll
0x00007ffd517c0000 - 0x00007ffd517c8000 	C:\WINDOWS\System32\PSAPI.DLL
0x00007ffd50020000 - 0x00007ffd5003b000 	C:\WINDOWS\SYSTEM32\CRYPTSP.dll
0x00007ffd4f880000 - 0x00007ffd4f8b5000 	C:\WINDOWS\system32\rsaenh.dll
0x00007ffd4fe20000 - 0x00007ffd4fe48000 	C:\WINDOWS\SYSTEM32\USERENV.dll
0x00007ffd4ff80000 - 0x00007ffd4ff8c000 	C:\WINDOWS\SYSTEM32\CRYPTBASE.dll
0x00007ffd3a050000 - 0x00007ffd3a067000 	C:\WINDOWS\system32\napinsp.dll
0x00007ffd3c6a0000 - 0x00007ffd3c6bb000 	C:\WINDOWS\system32\pnrpnsp.dll
0x00007ffd3c6c0000 - 0x00007ffd3c6d1000 	C:\WINDOWS\System32\winrnr.dll
0x00007ffd47250000 - 0x00007ffd47265000 	C:\WINDOWS\system32\wshbth.dll
0x00007ffd36a50000 - 0x00007ffd36a77000 	C:\WINDOWS\system32\nlansp_c.dll

dbghelp: loaded successfully - version: 4.0.5 - missing functions: none
symbol engine: initialized successfully - sym options: 0x614 - pdb path: .;C:\Users\HP\.jdks\openjdk-22.0.2\bin;C:\WINDOWS\SYSTEM32;C:\WINDOWS\WinSxS\amd64_microsoft.windows.common-controls_6595b64144ccf1df_6.0.22621.3672_none_2713b9d173822955;C:\Users\HP\.jdks\openjdk-22.0.2\bin\server;C:\Program Files\JetBrains\IntelliJ IDEA 2024.1.4\bin

VM Arguments:
jvm_args: -XX:TieredStopAtLevel=1 -Dspring.output.ansi.enabled=always -Dcom.sun.management.jmxremote -Dspring.jmx.enabled=true -Dspring.liveBeansView.mbeanDomain -Dspring.application.admin.enabled=true -Dmanagement.endpoints.jmx.exposure.include=* -javaagent:C:\Program Files\JetBrains\IntelliJ IDEA 2024.1.4\lib\idea_rt.jar=62558:C:\Program Files\JetBrains\IntelliJ IDEA 2024.1.4\bin -Dfile.encoding=UTF-8 -Dsun.stdout.encoding=UTF-8 -Dsun.stderr.encoding=UTF-8 
java_command: com.example.lab_5_tracker.Lab5TrackerApplication
java_class_path (initial): C:\Users\HP\IdeaProjects\Lab_5_Tracker\target\classes;C:\Users\HP\.m2\repository\org\springframework\boot\spring-boot-starter-validation\3.3.2\spring-boot-starter-validation-3.3.2.jar;C:\Users\HP\.m2\repository\org\springframework\boot\spring-boot-starter\3.3.2\spring-boot-starter-3.3.2.jar;C:\Users\HP\.m2\repository\org\springframework\boot\spring-boot\3.3.2\spring-boot-3.3.2.jar;C:\Users\HP\.m2\repository\org\springframework\boot\spring-boot-autoconfigure\3.3.2\spring-boot-autoconfigure-3.3.2.jar;C:\Users\HP\.m2\repository\org\springframework\boot\spring-boot-starter-logging\3.3.2\spring-boot-starter-logging-3.3.2.jar;C:\Users\HP\.m2\repository\ch\qos\logback\logback-classic\1.5.6\logback-classic-1.5.6.jar;C:\Users\HP\.m2\repository\ch\qos\logback\logback-core\1.5.6\logback-core-1.5.6.jar;C:\Users\HP\.m2\repository\org\apache\logging\log4j\log4j-to-slf4j\2.23.1\log4j-to-slf4j-2.23.1.jar;C:\Users\HP\.m2\repository\org\apache\logging\log4j\log4j-api\2.23.1\log4j-api-2.23.1.jar;C:\Users\HP\.m2\repository\org\slf4j\jul-to-slf4j\2.0.13\jul-to-slf4j-2.0.13.jar;C:\Users\HP\.m2\repository\jakarta\annotation\jakarta.annotation-api\2.1.1\jakarta.annotation-api-2.1.1.jar;C:\Users\HP\.m2\repository\org\yaml\snakeyaml\2.2\snakeyaml-2.2.jar;C:\Users\HP\.m2\repository\org\apache\tomcat\embed\tomcat-embed-el\10.1.26\tomcat-embed-el-10.1.26.jar;C:\Users\HP\.m2\repository\org\hibernate\validator\hibernate-validator\8.0.1.Final\hibernate-validator-8.0.1.Final.jar;C:\Users\HP\.m2\repository\jakarta\validation\jakarta.validation-api\3.0.2\jakarta.validation-api-3.0.2.jar;C:\Users\HP\.m2\repository\org\jboss\logging\jboss-logging\3.5.3.Final\jboss-logging-3.5.3.Final.jar;C:\Users\HP\.m2\repository\com\fasterxml\classmate\1.7.0\classmate-1.7.0.jar;C:\Users\HP\.m2\repository\org\springframework\boot\spring-boot-starter-web\3.3.2\spring-boot-starter-web-3.3.2.jar;C:\Users\HP\.m2\repository\org\springframework\boot\spring-boot-starter-json\3.3.2\spring-boot-starter-json-3.3.2.jar;C:\Users\HP\.m2\repository\com\fasterxml\jackson\core\jackson-databind\2.17.2\jackson-databind-2.17.2.jar;C:\Users\HP\.m2\repository\com\fasterxml\jackson\core\jackson-annotations\2.17.2\jackson-annotations-2.17.2.jar;C:\Users\HP\.m2\repository\com\fasterxml\jackson\core\jackson-core\2.17.2\jackson-core-2.17.2.jar;C:\Users\HP\.m2\repository\com\fasterxml\jackson\datatype\jackson-datatype-jdk8\2.17.2\jackson-datatype-jdk8-2.17.2.jar;C:\Users\HP\.m2\repository\com\fasterxml\jackson\datatype\jackson-datatype-jsr310\2.17.2\jackson-datatype-jsr310-2.17.2.jar;C:\Users\HP\.m2\repository\com\fasterxml\jackson\module\jackson-module-parameter-names\2.17.2\jackson-module-parameter-names-2.17.2.jar;C:\Users\HP\.m2\repository\org\springframework\boot\spring-boot-starter-tomcat\3.3.2\spring-boot-starter-tomcat-3.3.2.jar;C:\Users\HP\.m2\repository\org\apache\tomcat\embed\tomcat-embed-core\10.1.26\tomcat-embed-core-10.1.26.jar;C:\Users\HP\.m2\repository\org\apache\tomcat\embed\tomcat-embed-websocket\10.1.26\tomcat-embed-websocket-10.1.26.jar;C:\Users\HP\.m2\repository\org\springframework\spring-web\6.1.11\spring-web-6.1.11.jar;C:\Users\HP\.m2\repository\org\springframework\spring-beans\6.1.11\spring-beans-6.1.11.jar;C:\Users\HP\.m2\repository\io\micrometer\micrometer-observation\1.13.2\micrometer-observation-1.13.2.jar;C:\Users\HP\.m2\repository\io\micrometer\micrometer-commons\1.13.2\micrometer-commons-1.13.2.jar;C:\Users\HP\.m2\repository\org\springframework\spring-webmvc\6.1.11\spring-webmvc-6.1.11.jar;C:\Users\HP\.m2\repository\org\springframework\spring-aop\6.1.11\spring-aop-6.1.11.jar;C:\Users\HP\.m2\repository\org\springframework\spring-context\6.1.11\spring-context-6.1.11.jar;C:\Users\HP\.m2\repository\org\springframework\spring-expression\6.1.11\spring-expression-6.1.11.jar;C:\Users\HP\.m2\repository\org\projectlombok\lombok\1.18.34\lombok-1.18.34.jar;C:\Users\HP\.m2\repository\org\slf4j\slf4j-api\2.0.13\slf4j-api-2.0.13.jar;C:\Users\HP\.m2\repository\org\springframework\spring-core\6.1.11\spring-core-6.1.11.jar;C:\Users\HP\.m2\repository\org\springframework\spring-jcl\6.1.11\spring-jcl-6.1.11.jar
Launcher Type: SUN_STANDARD

[Global flags]
     intx CICompilerCount                          = 4                                         {product} {ergonomic}
     uint ConcGCThreads                            = 2                                         {product} {ergonomic}
     uint G1ConcRefinementThreads                  = 8                                         {product} {ergonomic}
   size_t G1HeapRegionSize                         = 1048576                                   {product} {ergonomic}
   size_t InitialHeapSize                          = 67108864                                  {product} {ergonomic}
     bool ManagementServer                         = true                                      {product} {command line}
   size_t MarkStackSize                            = 4194304                                   {product} {ergonomic}
   size_t MaxHeapSize                              = 1044381696                                {product} {ergonomic}
   size_t MaxNewSize                               = 625999872                                 {product} {ergonomic}
   size_t MinHeapDeltaBytes                        = 1048576                                   {product} {ergonomic}
   size_t MinHeapSize                              = 8388608                                   {product} {ergonomic}
    uintx NonNMethodCodeHeapSize                   = 4096                                   {pd product} {ergonomic}
    uintx NonProfiledCodeHeapSize                  = 0                                      {pd product} {ergonomic}
     bool ProfileInterpreter                       = false                                  {pd product} {command line}
    uintx ProfiledCodeHeapSize                     = 0                                      {pd product} {ergonomic}
   size_t SoftMaxHeapSize                          = 1044381696                             {manageable} {ergonomic}
     intx TieredStopAtLevel                        = 1                                         {product} {command line}
     bool UseCompressedOops                        = true                           {product lp64_product} {ergonomic}
     bool UseG1GC                                  = true                                      {product} {ergonomic}
     bool UseLargePagesIndividualAllocation        = false                                  {pd product} {ergonomic}

Logging:
Log output configuration:
 #0: stdout all=warning uptime,level,tags foldmultilines=false
 #1: stderr all=off uptime,level,tags foldmultilines=false

Environment Variables:
PATH=C:\app\HP\product\18.0.0\dbhomeXE\bin;C:\Program Files\AdoptOpenJDK\jdk-8.0.252.09-hotspot\bin;C:\Program Files\AdoptOpenJDK\jdk-11.0.7.10-hotspot\bin;C:\Program Files (x86)\Common Files\Oracle\Java\javapath;C:\WINDOWS\system32;C:\WINDOWS;C:\WINDOWS\System32\Wbem;C:\WINDOWS\System32\WindowsPowerShell\v1.0\;C:\WINDOWS\System32\OpenSSH\;C:\Program Files\Intel\WiFi\bin\;C:\Program Files\Common Files\Intel\WirelessCommon\;C:\Program Files (x86)\Skype\Phone\;C:\Program Files\Git\cmd;C:\Users\HP\AppData\Local\Android\Sdk\platform-tools;C:\Users\HP\AppData\Local\Android\Sdk\platforms;C:\Users\HP\AppData\Local\Android\Sdk\emulator;C:\Users\HP\Downloads\dartsdk-windows-x64-release.zip\dart-sdk;C:\Users\HP\AppData\Local\Programs\Python\Python36\Scripts\;C:\Users\HP\AppData\Local\Programs\Python\Python36\;C:\Users\HP\AppData\Local\Microsoft\WindowsApps;C:\Users\HP\AppData\Local\Programs\Microsoft VS Code\bin;C:\Users\HP\AppData\Local\Microsoft\WindowsApps;C:\src\flutter\bin
USERNAME=HP
OS=Windows_NT
PROCESSOR_IDENTIFIER=Intel64 Family 6 Model 142 Stepping 11, GenuineIntel
TMP=C:\Users\HP\AppData\Local\Temp
TEMP=C:\Users\HP\AppData\Local\Temp




Periodic native trim disabled

---------------  S Y S T E M  ---------------

OS:
 Windows 11 , 64 bit Build 22621 (10.0.22621.3672)
OS uptime: 11 days 2:30 hours
Hyper-V role detected

CPU: total 8 (initial active 8) (4 cores per cpu, 2 threads per core) family 6 model 142 stepping 11 microcode 0xde, cx8, cmov, fxsr, ht, mmx, 3dnowpref, sse, sse2, sse3, ssse3, sse4.1, sse4.2, popcnt, lzcnt, tsc, tscinvbit, avx, avx2, aes, erms, clmul, bmi1, bmi2, adx, fma, vzeroupper, clflush, clflushopt, hv, rdtscp, f16c
Processor Information for all 8 processors :
  Max Mhz: 1800, Current Mhz: 1600, Mhz Limit: 1584

Memory: 4k page, system-wide physical 3982M (145M free)
TotalPageFile size 12174M (AvailPageFile size 0M)
current process WorkingSet (physical memory assigned to process): 55M, peak: 55M
current process commit charge ("private bytes"): 147M, peak: 147M

vm_info: OpenJDK 64-Bit Server VM (22.0.2+9-70) for windows-amd64 JRE (22.0.2+9-70), built on 2024-06-04T16:52:23Z by "mach5one" with MS VC++ 17.6 (VS2022)

END.
